Timestamp: 2024-10-11 18:01:40
CPU Usage: 0.2%
Memory Usage: 11.7%
Available Memory: 6669.0390625 MB
Disk Usage: 91.8%
Network Sent: 0.05 KB
Network Received: 0.05 KB
Load Average: (0.0107421875, 0.02197265625, 0.0)
CPU Temperature: N/A°C
Number of Active Clients: 1

Timestamp: 2024-10-11 18:01:45
CPU Usage: 0.1%
Memory Usage: 11.8%
Available Memory: 6667.27734375 MB
Disk Usage: 91.8%
Network Sent: 0.05 KB
Network Received: 0.05 KB
Load Average: (0.09033203125, 0.03857421875, 0.00537109375)
CPU Temperature: N/A°C
Number of Active Clients: 1

Timestamp: 2024-10-11 18:01:50
CPU Usage: 0.1%
Memory Usage: 11.7%
Available Memory: 6669.51171875 MB
Disk Usage: 91.8%
Network Sent: 0.05 KB
Network Received: 0.05 KB
Load Average: (0.16357421875, 0.0546875, 0.0107421875)
CPU Temperature: N/A°C
Number of Active Clients: 1

Timestamp: 2024-10-11 19:25:19
CPU Usage: 0.4%
Memory Usage: 12.1%
Available Memory: 6644.50390625 MB
Disk Usage: 92.1%
Network Sent: 0.00 KB
Network Received: 0.00 KB
Load Average: (0.07177734375, 0.03564453125, 0.00390625)
CPU Temperature: N/A°C
Number of Active Clients: 1

Timestamp: 2024-10-11 19:25:28
CPU Usage: 0.4%
Memory Usage: 12.1%
Available Memory: 6640.82421875 MB
Disk Usage: 92.1%
Network Sent: 0.00 KB
Network Received: 0.00 KB
Load Average: (0.060546875, 0.03369140625, 0.0029296875)
CPU Temperature: N/A°C
Number of Active Clients: 1

Timestamp: 2024-10-11 19:25:51
CPU Usage: 0.5%
Memory Usage: 12.5%
Available Memory: 6615.1640625 MB
Disk Usage: 92.1%
Network Sent: 0.00 KB
Network Received: 0.00 KB
Load Average: (0.0390625, 0.02880859375, 0.00048828125)
CPU Temperature: N/A°C
Number of Active Clients: 2

Timestamp: 2024-10-11 19:25:56
CPU Usage: 0.9%
Memory Usage: 12.2%
Available Memory: 6637.109375 MB
Disk Usage: 92.1%
Network Sent: 0.00 KB
Network Received: 0.00 KB
Load Average: (0.03564453125, 0.0283203125, 0.0)
CPU Temperature: N/A°C
Number of Active Clients: 2

Timestamp: 2024-10-11 19:26:50
CPU Usage: 0.2%
Memory Usage: 12.6%
Available Memory: 6607.578125 MB
Disk Usage: 92.1%
Network Sent: 0.00 KB
Network Received: 0.00 KB
Load Average: (0.06591796875, 0.03759765625, 0.0029296875)
CPU Temperature: N/A°C
Number of Active Clients: 2

Timestamp: 2024-10-11 19:27:07
CPU Usage: 0.2%
Memory Usage: 12.5%
Available Memory: 6614.36328125 MB
Disk Usage: 92.1%
Network Sent: 0.00 KB
Network Received: 0.00 KB
Load Average: (0.05078125, 0.03466796875, 0.00146484375)
CPU Temperature: N/A°C
Number of Active Clients: 2

Timestamp: 2024-10-11 19:27:14
CPU Usage: 0.2%
Memory Usage: 12.4%
Available Memory: 6617.51171875 MB
Disk Usage: 92.1%
Network Sent: 0.00 KB
Network Received: 0.00 KB
Load Average: (0.126953125, 0.05078125, 0.0068359375)
CPU Temperature: N/A°C
Number of Active Clients: 2

Timestamp: 2024-10-11 19:30:00
CPU Usage: 0.4%
Memory Usage: 12.0%
Available Memory: 6646.2421875 MB
Disk Usage: 92.1%
Network Sent: 0.00 KB
Network Received: 0.00 KB
Load Average: (0.0048828125, 0.02392578125, 0.0)
CPU Temperature: N/A°C
Number of Active Clients: 1

Timestamp: 2024-10-11 19:30:13
CPU Usage: 0.3%
Memory Usage: 12.0%
Available Memory: 6651.3671875 MB
Disk Usage: 92.1%
Network Sent: 0.00 KB
Network Received: 0.00 KB
Load Average: (0.00341796875, 0.0224609375, 0.0)
CPU Temperature: N/A°C
Number of Active Clients: 1

Timestamp: 2024-10-15 22:36:11
CPU Usage: 0.4%
Memory Usage: 10.7%
Available Memory: 6751.04296875 MB
Disk Usage: 92.1%
Network Sent: 0.00 KB
Network Received: 0.00 KB
Load Average: (0.0224609375, 0.0205078125, 0.0)
CPU Temperature: N/A°C
Number of Active Clients: 1

Timestamp: 2024-10-15 22:36:17
CPU Usage: 0.2%
Memory Usage: 10.7%
Available Memory: 6749.171875 MB
Disk Usage: 92.1%
Network Sent: 0.07 KB
Network Received: 0.00 KB
Load Average: (0.0205078125, 0.02001953125, 0.0)
CPU Temperature: N/A°C
Number of Active Clients: 1

Timestamp: 2024-10-15 22:36:22
CPU Usage: 0.3%
Memory Usage: 10.7%
Available Memory: 6746.15625 MB
Disk Usage: 92.1%
Network Sent: 0.00 KB
Network Received: 0.00 KB
Load Average: (0.0185546875, 0.01953125, 0.0)
CPU Temperature: N/A°C
Number of Active Clients: 1

Timestamp: 2024-10-15 22:37:03
CPU Usage: 0.1%
Memory Usage: 10.5%
Available Memory: 6760.17578125 MB
Disk Usage: 92.1%
Network Sent: 0.00 KB
Network Received: 0.00 KB
Load Average: (0.28515625, 0.08056640625, 0.01953125)
CPU Temperature: N/A°C
Number of Active Clients: 0

Timestamp: 2024-10-21 23:05:28
CPU Usage: 0.8%
Memory Usage: 11.0%
Available Memory: 6727.11328125 MB
Disk Usage: 82.2%
Network Sent: 0.26 KB
Network Received: 0.26 KB
Load Average: (0.24267578125, 0.0625, 0.02001953125)
CPU Temperature: N/A°C
Number of Active Clients: 1

Timestamp: 2024-10-21 23:05:40
CPU Usage: 0.2%
Memory Usage: 11.0%
Available Memory: 6723.94921875 MB
Disk Usage: 82.2%
Network Sent: 0.00 KB
Network Received: 0.00 KB
Load Average: (0.205078125, 0.0595703125, 0.01904296875)
CPU Temperature: N/A°C
Number of Active Clients: 1

Timestamp: 2024-10-21 23:05:48
CPU Usage: 0.2%
Memory Usage: 11.0%
Available Memory: 6724.44140625 MB
Disk Usage: 82.2%
Network Sent: 0.00 KB
Network Received: 0.00 KB
Load Average: (0.17333984375, 0.05712890625, 0.01806640625)
CPU Temperature: N/A°C
Number of Active Clients: 1

Timestamp: 2024-10-21 23:06:41
CPU Usage: 0.4%
Memory Usage: 11.5%
Available Memory: 6683.76171875 MB
Disk Usage: 82.2%
Network Sent: 0.26 KB
Network Received: 0.26 KB
Load Average: (0.06689453125, 0.04638671875, 0.0126953125)
CPU Temperature: N/A°C
Number of Active Clients: 2

Timestamp: 2024-10-21 23:06:52
CPU Usage: 0.2%
Memory Usage: 11.5%
Available Memory: 6688.06640625 MB
Disk Usage: 82.2%
Network Sent: 0.00 KB
Network Received: 0.00 KB
Load Average: (0.05615234375, 0.04443359375, 0.01171875)
CPU Temperature: N/A°C
Number of Active Clients: 2

Timestamp: 2024-10-21 23:07:01
CPU Usage: 7.0%
Memory Usage: 12.2%
Available Memory: 6630.765625 MB
Disk Usage: 82.2%
Network Sent: 0.49 KB
Network Received: 0.04 KB
Load Average: (0.1318359375, 0.060546875, 0.01708984375)
CPU Temperature: N/A°C
Number of Active Clients: 2

Timestamp: 2024-10-21 23:12:04
CPU Usage: 0.1%
Memory Usage: 10.8%
Available Memory: 6738.9765625 MB
Disk Usage: 82.2%
Network Sent: 0.00 KB
Network Received: 0.00 KB
Load Average: (0.05810546875, 0.044921875, 0.01171875)
CPU Temperature: N/A°C
Number of Active Clients: 0

Timestamp: 2024-10-21 23:12:33
CPU Usage: 14.4%
Memory Usage: 14.8%
Available Memory: 6436.8984375 MB
Disk Usage: 82.2%
Network Sent: 63.44 KB
Network Received: 63.44 KB
Load Average: (0.03369140625, 0.0390625, 0.0087890625)
CPU Temperature: N/A°C
Number of Active Clients: 0

Timestamp: 2024-10-21 23:12:38
CPU Usage: 0.1%
Memory Usage: 12.5%
Available Memory: 6613.984375 MB
Disk Usage: 82.2%
Network Sent: 2.23 KB
Network Received: 2.23 KB
Load Average: (0.111328125, 0.05517578125, 0.01416015625)
CPU Temperature: N/A°C
Number of Active Clients: 0

Timestamp: 2024-10-21 23:17:20
CPU Usage: 0.5%
Memory Usage: 12.0%
Available Memory: 6647.453125 MB
Disk Usage: 82.2%
Network Sent: 0.28 KB
Network Received: 0.28 KB
Load Average: (0.11328125, 0.04638671875, 0.0087890625)
CPU Temperature: N/A°C
Number of Active Clients: 1

Timestamp: 2024-10-21 23:17:26
CPU Usage: 7.5%
Memory Usage: 12.1%
Available Memory: 6643.4921875 MB
Disk Usage: 82.2%
Network Sent: 0.00 KB
Network Received: 0.00 KB
Load Average: (0.10400390625, 0.04541015625, 0.00830078125)
CPU Temperature: N/A°C
Number of Active Clients: 1

Timestamp: 2024-10-21 23:20:06
CPU Usage: 0.5%
Memory Usage: 12.2%
Available Memory: 6631.56640625 MB
Disk Usage: 82.2%
Network Sent: 0.00 KB
Network Received: 0.00 KB
Load Average: (0.291015625, 0.14111328125, 0.04345703125)
CPU Temperature: N/A°C
Number of Active Clients: 1

Timestamp: 2024-10-21 23:21:46
CPU Usage: 0.6%
Memory Usage: 12.2%
Available Memory: 6632.30859375 MB
Disk Usage: 82.2%
Network Sent: 0.24 KB
Network Received: 0.24 KB
Load Average: (0.05126953125, 0.09716796875, 0.03369140625)
CPU Temperature: N/A°C
Number of Active Clients: 1

Timestamp: 2024-10-21 23:21:53
CPU Usage: 0.5%
Memory Usage: 12.0%
Available Memory: 6652.6171875 MB
Disk Usage: 82.2%
Network Sent: 0.00 KB
Network Received: 0.00 KB
Load Average: (0.04296875, 0.09326171875, 0.03271484375)
CPU Temperature: N/A°C
Number of Active Clients: 1

Timestamp: 2024-10-21 23:24:57
CPU Usage: 0.6%
Memory Usage: 12.3%
Available Memory: 6626.1328125 MB
Disk Usage: 82.2%
Network Sent: 0.28 KB
Network Received: 0.28 KB
Load Average: (0.13525390625, 0.078125, 0.02685546875)
CPU Temperature: N/A°C
Number of Active Clients: 1

Timestamp: 2024-10-21 23:27:04
CPU Usage: 0.2%
Memory Usage: 12.1%
Available Memory: 6643.30078125 MB
Disk Usage: 82.2%
Network Sent: 0.00 KB
Network Received: 0.00 KB
Load Average: (0.16162109375, 0.11181640625, 0.04248046875)
CPU Temperature: N/A°C
Number of Active Clients: 0

Timestamp: 2024-10-21 23:27:16
CPU Usage: 0.7%
Memory Usage: 12.4%
Available Memory: 6620.1328125 MB
Disk Usage: 82.2%
Network Sent: 0.27 KB
Network Received: 0.27 KB
Load Average: (0.2841796875, 0.14111328125, 0.052734375)
CPU Temperature: N/A°C
Number of Active Clients: 1

Timestamp: 2024-10-21 23:27:26
CPU Usage: 0.3%
Memory Usage: 12.4%
Available Memory: 6619.62109375 MB
Disk Usage: 82.2%
Network Sent: 0.00 KB
Network Received: 0.00 KB
Load Average: (0.240234375, 0.13623046875, 0.0517578125)
CPU Temperature: N/A°C
Number of Active Clients: 1

Timestamp: 2024-10-21 23:27:38
CPU Usage: 10.9%
Memory Usage: 12.2%
Available Memory: 6636.08984375 MB
Disk Usage: 82.2%
Network Sent: 0.05 KB
Network Received: 0.05 KB
Load Average: (0.5068359375, 0.19580078125, 0.072265625)
CPU Temperature: N/A°C
Number of Active Clients: 1

Timestamp: 2024-10-21 23:27:43
CPU Usage: 0.1%
Memory Usage: 12.2%
Available Memory: 6631.51171875 MB
Disk Usage: 82.2%
Network Sent: 0.05 KB
Network Received: 0.05 KB
Load Average: (0.4658203125, 0.1923828125, 0.07177734375)
CPU Temperature: N/A°C
Number of Active Clients: 1

Timestamp: 2024-10-21 23:27:48
CPU Usage: 0.2%
Memory Usage: 12.2%
Available Memory: 6637.19921875 MB
Disk Usage: 82.2%
Network Sent: 0.05 KB
Network Received: 0.05 KB
Load Average: (0.42822265625, 0.18896484375, 0.0712890625)
CPU Temperature: N/A°C
Number of Active Clients: 1

Timestamp: 2024-10-21 23:27:53
CPU Usage: 0.2%
Memory Usage: 12.2%
Available Memory: 6635.33984375 MB
Disk Usage: 82.2%
Network Sent: 0.05 KB
Network Received: 0.05 KB
Load Average: (0.3935546875, 0.185546875, 0.07080078125)
CPU Temperature: N/A°C
Number of Active Clients: 1

Timestamp: 2024-10-21 23:27:58
CPU Usage: 0.2%
Memory Usage: 12.2%
Available Memory: 6634.8984375 MB
Disk Usage: 82.2%
Network Sent: 0.05 KB
Network Received: 0.05 KB
Load Average: (0.36181640625, 0.18212890625, 0.0703125)
CPU Temperature: N/A°C
Number of Active Clients: 1

Timestamp: 2024-10-21 23:28:03
CPU Usage: 0.1%
Memory Usage: 12.2%
Available Memory: 6634.6484375 MB
Disk Usage: 82.2%
Network Sent: 0.05 KB
Network Received: 0.05 KB
Load Average: (0.33251953125, 0.1787109375, 0.06982421875)
CPU Temperature: N/A°C
Number of Active Clients: 1

Timestamp: 2024-10-21 23:28:42
CPU Usage: 0.2%
Memory Usage: 12.4%
Available Memory: 6622.48828125 MB
Disk Usage: 82.2%
Network Sent: 0.05 KB
Network Received: 0.05 KB
Load Average: (0.572265625, 0.2412109375, 0.09423828125)
CPU Temperature: N/A°C
Number of Active Clients: 1

Timestamp: 2024-10-21 23:28:47
CPU Usage: 0.1%
Memory Usage: 12.3%
Available Memory: 6627.7578125 MB
Disk Usage: 82.2%
Network Sent: 0.05 KB
Network Received: 0.05 KB
Load Average: (0.68701171875, 0.2705078125, 0.1044921875)
CPU Temperature: N/A°C
Number of Active Clients: 1

Timestamp: 2024-10-21 23:28:52
CPU Usage: 0.2%
Memory Usage: 12.2%
Available Memory: 6634.48046875 MB
Disk Usage: 82.2%
Network Sent: 0.05 KB
Network Received: 0.05 KB
Load Average: (0.79248046875, 0.29931640625, 0.11474609375)
CPU Temperature: N/A°C
Number of Active Clients: 1

Timestamp: 2024-10-21 23:28:57
CPU Usage: 0.1%
Memory Usage: 12.2%
Available Memory: 6634.94140625 MB
Disk Usage: 82.2%
Network Sent: 0.05 KB
Network Received: 0.05 KB
Load Average: (0.8095703125, 0.31103515625, 0.11962890625)
CPU Temperature: N/A°C
Number of Active Clients: 1

Timestamp: 2024-10-21 23:29:02
CPU Usage: 0.1%
Memory Usage: 12.2%
Available Memory: 6634.71875 MB
Disk Usage: 82.2%
Network Sent: 0.05 KB
Network Received: 0.05 KB
Load Average: (0.8251953125, 0.32275390625, 0.12451171875)
CPU Temperature: N/A°C
Number of Active Clients: 1

Timestamp: 2024-10-21 23:29:07
CPU Usage: 11.8%
Memory Usage: 12.3%
Available Memory: 6630.6796875 MB
Disk Usage: 82.2%
Network Sent: 0.05 KB
Network Received: 0.05 KB
Load Average: (0.83935546875, 0.33447265625, 0.12939453125)
CPU Temperature: N/A°C
Number of Active Clients: 1

Timestamp: 2024-10-21 23:29:12
CPU Usage: 2.2%
Memory Usage: 12.3%
Available Memory: 6629.34375 MB
Disk Usage: 82.2%
Network Sent: 0.05 KB
Network Received: 0.05 KB
Load Average: (1.0126953125, 0.37890625, 0.14501953125)
CPU Temperature: N/A°C
Number of Active Clients: 1

Timestamp: 2024-10-21 23:29:17
CPU Usage: 0.5%
Memory Usage: 12.2%
Available Memory: 6633.89453125 MB
Disk Usage: 82.2%
Network Sent: 0.05 KB
Network Received: 0.05 KB
Load Average: (1.01123046875, 0.3896484375, 0.14990234375)
CPU Temperature: N/A°C
Number of Active Clients: 1

Timestamp: 2024-10-21 23:29:22
CPU Usage: 0.1%
Memory Usage: 12.2%
Available Memory: 6634.89453125 MB
Disk Usage: 82.2%
Network Sent: 0.05 KB
Network Received: 0.05 KB
Load Average: (1.01025390625, 0.39990234375, 0.15478515625)
CPU Temperature: N/A°C
Number of Active Clients: 1

Timestamp: 2024-10-21 23:29:27
CPU Usage: 0.1%
Memory Usage: 12.2%
Available Memory: 6634.48828125 MB
Disk Usage: 82.2%
Network Sent: 0.05 KB
Network Received: 0.05 KB
Load Average: (1.00927734375, 0.41015625, 0.15966796875)
CPU Temperature: N/A°C
Number of Active Clients: 1

Timestamp: 2024-10-21 23:29:33
CPU Usage: 0.1%
Memory Usage: 22.7%
Available Memory: 5841.42578125 MB
Disk Usage: 82.2%
Network Sent: 5.63 KB
Network Received: 5.63 KB
Load Average: (1.00830078125, 0.42041015625, 0.16455078125)
CPU Temperature: N/A°C
Number of Active Clients: 11

Timestamp: 2024-10-21 23:29:38
CPU Usage: 13.0%
Memory Usage: 22.9%
Available Memory: 5829.1484375 MB
Disk Usage: 82.2%
Network Sent: 1.47 KB
Network Received: 1.47 KB
Load Average: (1.00732421875, 0.43017578125, 0.16943359375)
CPU Temperature: N/A°C
Number of Active Clients: 29

Timestamp: 2024-10-21 23:29:43
CPU Usage: 0.7%
Memory Usage: 23.0%
Available Memory: 5820.71875 MB
Disk Usage: 82.2%
Network Sent: 1.98 KB
Network Received: 1.98 KB
Load Average: (1.0869140625, 0.45654296875, 0.1796875)
CPU Temperature: N/A°C
Number of Active Clients: 39

Timestamp: 2024-10-21 23:29:48
CPU Usage: 0.3%
Memory Usage: 23.0%
Available Memory: 5818.8671875 MB
Disk Usage: 82.2%
Network Sent: 4.36 KB
Network Received: 4.36 KB
Load Average: (1.16015625, 0.482421875, 0.18994140625)
CPU Temperature: N/A°C
Number of Active Clients: 48

Timestamp: 2024-10-21 23:29:53
CPU Usage: 0.2%
Memory Usage: 23.0%
Available Memory: 5817.76953125 MB
Disk Usage: 82.2%
Network Sent: 2.79 KB
Network Received: 2.79 KB
Load Average: (1.14697265625, 0.4912109375, 0.1943359375)
CPU Temperature: N/A°C
Number of Active Clients: 55

Timestamp: 2024-10-21 23:29:58
CPU Usage: 0.1%
Memory Usage: 23.0%
Available Memory: 5816.33984375 MB
Disk Usage: 82.2%
Network Sent: 3.15 KB
Network Received: 3.15 KB
Load Average: (1.04345703125, 0.49169921875, 0.197265625)
CPU Temperature: N/A°C
Number of Active Clients: 62

Timestamp: 2024-10-21 23:30:04
CPU Usage: 0.1%
Memory Usage: 23.1%
Available Memory: 5812.53125 MB
Disk Usage: 82.2%
Network Sent: 8.15 KB
Network Received: 8.15 KB
Load Average: (0.95947265625, 0.4833984375, 0.19580078125)
CPU Temperature: N/A°C
Number of Active Clients: 68

Timestamp: 2024-10-21 23:30:09
CPU Usage: 12.8%
Memory Usage: 23.1%
Available Memory: 5807.36328125 MB
Disk Usage: 82.2%
Network Sent: 3.71 KB
Network Received: 3.71 KB
Load Average: (1.203125, 0.5419921875, 0.21630859375)
CPU Temperature: N/A°C
Number of Active Clients: 73

Timestamp: 2024-10-21 23:30:14
CPU Usage: 0.2%
Memory Usage: 23.2%
Available Memory: 5804.88671875 MB
Disk Usage: 82.2%
Network Sent: 3.91 KB
Network Received: 3.91 KB
Load Average: (1.1064453125, 0.53271484375, 0.21484375)
CPU Temperature: N/A°C
Number of Active Clients: 77

Timestamp: 2024-10-21 23:30:20
CPU Usage: 0.1%
Memory Usage: 23.2%
Available Memory: 5802.75 MB
Disk Usage: 82.2%
Network Sent: 4.16 KB
Network Received: 4.16 KB
Load Average: (1.09765625, 0.54052734375, 0.21923828125)
CPU Temperature: N/A°C
Number of Active Clients: 82

Timestamp: 2024-10-21 23:30:25
CPU Usage: 0.2%
Memory Usage: 23.2%
Available Memory: 5801.703125 MB
Disk Usage: 82.2%
Network Sent: 4.37 KB
Network Received: 4.37 KB
Load Average: (1.08935546875, 0.54833984375, 0.2236328125)
CPU Temperature: N/A°C
Number of Active Clients: 86

Timestamp: 2024-10-21 23:30:31
CPU Usage: 0.2%
Memory Usage: 23.3%
Available Memory: 5798.5 MB
Disk Usage: 82.2%
Network Sent: 4.57 KB
Network Received: 4.57 KB
Load Average: (1.08203125, 0.55615234375, 0.22802734375)
CPU Temperature: N/A°C
Number of Active Clients: 90

Timestamp: 2024-10-21 23:30:36
CPU Usage: 0.3%
Memory Usage: 23.3%
Available Memory: 5794.23828125 MB
Disk Usage: 82.2%
Network Sent: 4.77 KB
Network Received: 4.77 KB
Load Average: (1.0751953125, 0.56396484375, 0.232421875)
CPU Temperature: N/A°C
Number of Active Clients: 94

Timestamp: 2024-10-21 23:30:42
CPU Usage: 12.1%
Memory Usage: 23.4%
Available Memory: 5788.0234375 MB
Disk Usage: 82.2%
Network Sent: 4.93 KB
Network Received: 4.93 KB
Load Average: (1.3896484375, 0.6376953125, 0.25830078125)
CPU Temperature: N/A°C
Number of Active Clients: 97

Timestamp: 2024-10-21 23:30:47
CPU Usage: 0.3%
Memory Usage: 23.4%
Available Memory: 5787.59375 MB
Disk Usage: 82.2%
Network Sent: 5.08 KB
Network Received: 5.08 KB
Load Average: (1.3583984375, 0.64404296875, 0.2626953125)
CPU Temperature: N/A°C
Number of Active Clients: 100

Timestamp: 2024-10-21 23:30:52
CPU Usage: 0.2%
Memory Usage: 23.4%
Available Memory: 5786.1796875 MB
Disk Usage: 82.2%
Network Sent: 5.23 KB
Network Received: 5.23 KB
Load Average: (1.41015625, 0.6669921875, 0.2724609375)
CPU Temperature: N/A°C
Number of Active Clients: 103

Timestamp: 2024-10-21 23:30:58
CPU Usage: 0.2%
Memory Usage: 23.5%
Available Memory: 5781.6484375 MB
Disk Usage: 82.2%
Network Sent: 5.38 KB
Network Received: 11.72 KB
Load Average: (1.376953125, 0.6728515625, 0.27685546875)
CPU Temperature: N/A°C
Number of Active Clients: 106

Timestamp: 2024-10-21 23:31:06
CPU Usage: 56.2%
Memory Usage: 60.6%
Available Memory: 2974.52734375 MB
Disk Usage: 82.2%
Network Sent: 13.57 KB
Network Received: 13.57 KB
Load Average: (259.80517578125, 54.27392578125, 17.62255859375)
CPU Temperature: N/A°C
Number of Active Clients: 108

Timestamp: 2024-10-21 23:31:21
CPU Usage: 72.6%
Memory Usage: 99.1%
Available Memory: 66.98828125 MB
Disk Usage: 85.8%
Network Sent: 12.21 KB
Network Received: 12.21 KB
Load Average: (1907.79736328125, 424.81298828125, 139.228515625)
CPU Temperature: N/A°C
Number of Active Clients: 109

Timestamp: 2024-10-21 23:45:11
CPU Usage: 60.3%
Memory Usage: 29.4%
Available Memory: 5336.9453125 MB
Disk Usage: 86.8%
Network Sent: 29.09 KB
Network Received: 29.09 KB
Load Average: (77.90087890625, 1926.0654296875, 2364.32177734375)
CPU Temperature: N/A°C
Number of Active Clients: 1

Timestamp: 2024-10-21 23:45:17
CPU Usage: 55.2%
Memory Usage: 65.2%
Available Memory: 2630.23046875 MB
Disk Usage: 86.8%
Network Sent: 12.62 KB
Network Received: 12.62 KB
Load Average: (444.0263671875, 1971.287109375, 2376.5986328125)
CPU Temperature: N/A°C
Number of Active Clients: 12

Timestamp: 2024-10-21 23:45:22
CPU Usage: 64.3%
Memory Usage: 89.4%
Available Memory: 801.484375 MB
Disk Usage: 86.8%
Network Sent: 15.11 KB
Network Received: 15.11 KB
Load Average: (978.7861328125, 2056.79736328125, 2402.0869140625)
CPU Temperature: N/A°C
Number of Active Clients: 16

Timestamp: 2024-10-21 23:45:27
CPU Usage: 97.2%
Memory Usage: 96.8%
Available Memory: 244.84375 MB
Disk Usage: 86.8%
Network Sent: 8.90 KB
Network Received: 8.90 KB
Load Average: (1554.9658203125, 2158.3525390625, 2433.0888671875)
CPU Temperature: N/A°C
Number of Active Clients: 21

Timestamp: 2024-10-21 23:45:32
CPU Usage: 74.2%
Memory Usage: 98.0%
Available Memory: 151.3203125 MB
Disk Usage: 86.8%
Network Sent: 13.82 KB
Network Received: 13.82 KB
Load Average: (2088.529296875, 2258.95263671875, 2464.16064453125)
CPU Temperature: N/A°C
Number of Active Clients: 23

Timestamp: 2024-10-21 23:46:12
CPU Usage: 83.5%
Memory Usage: 98.7%
Available Memory: 98.71875 MB
Disk Usage: 86.8%
Network Sent: 13.98 KB
Network Received: 13.98 KB
Load Average: (5019.41943359375, 2993.1240234375, 2702.57470703125)
CPU Temperature: N/A°C
Number of Active Clients: 27

Timestamp: 2024-10-21 23:47:37
CPU Usage: 83.8%
Memory Usage: 97.7%
Available Memory: 170.23828125 MB
Disk Usage: 86.8%
Network Sent: 1.48 KB
Network Received: 1.48 KB
Load Average: (7222.6904296875, 4204.8974609375, 3155.5068359375)
CPU Temperature: N/A°C
Number of Active Clients: 28

Timestamp: 2024-10-21 23:48:00
CPU Usage: 86.0%
Memory Usage: 89.9%
Available Memory: 762.03515625 MB
Disk Usage: 86.8%
Network Sent: 8.91 KB
Network Received: 8.91 KB
Load Average: (7529.833984375, 4521.37109375, 3288.20751953125)
CPU Temperature: N/A°C
Number of Active Clients: 29

Timestamp: 2024-10-21 23:48:15
CPU Usage: 86.6%
Memory Usage: 98.8%
Available Memory: 91.96484375 MB
Disk Usage: 86.8%
Network Sent: 4.63 KB
Network Received: 4.63 KB
Load Average: (7572.583984375, 4678.27197265625, 3359.31396484375)
CPU Temperature: N/A°C
Number of Active Clients: 30

Timestamp: 2024-10-21 23:48:58
CPU Usage: 96.9%
Memory Usage: 99.1%
Available Memory: 64.2734375 MB
Disk Usage: 86.8%
Network Sent: 14.97 KB
Network Received: 14.97 KB
Load Average: (7404.48095703125, 5005.3095703125, 3525.396484375)
CPU Temperature: N/A°C
Number of Active Clients: 31

Timestamp: 2024-10-22 00:00:30
CPU Usage: 0.4%
Memory Usage: 11.0%
Available Memory: 6727.453125 MB
Disk Usage: 82.3%
Network Sent: 0.32 KB
Network Received: 0.32 KB
Load Average: (0.0576171875, 0.03369140625, 0.00830078125)
CPU Temperature: N/A°C
Number of Active Clients: 1

Timestamp: 2024-10-22 00:00:40
CPU Usage: 0.4%
Memory Usage: 10.9%
Available Memory: 6730.34375 MB
Disk Usage: 82.3%
Network Sent: 0.00 KB
Network Received: 0.00 KB
Load Average: (0.04833984375, 0.03173828125, 0.00732421875)
CPU Temperature: N/A°C
Number of Active Clients: 1

